<?xml version="1.0" encoding="UTF-8"?>
<!-- Generated by org.testng.reporters.JUnitReportReporter -->
<testsuite hostname="Amits-MacBook-Air.local" failures="0" tests="2" name="com.qa.orangehrm.tests.LoginScenarios" time="5.675" errors="0" timestamp="04 Feb 2020 21:11:32 GMT" skipped="0">
  <testcase classname="com.qa.orangehrm.tests.LoginScenarios" name="verifyPage" time="0.197"/>
  <testcase classname="com.qa.orangehrm.tests.LoginScenarios" name="loginToApplication" time="5.478"/>
</testsuite> <!-- com.qa.orangehrm.tests.LoginScenarios -->
