<?xml version="1.0" encoding="UTF-8"?>
<!-- Generated by org.testng.reporters.JUnitReportReporter -->
<testsuite hostname="Amits-MacBook-Air.local" failures="0" tests="3" name="com.qa.orangehrm.tests.CreateUserAdminTest" time="7.695" errors="0" timestamp="17 Feb 2020 01:44:51 GMT" skipped="0">
  <testcase classname="com.qa.orangehrm.tests.CreateUserAdminTest" name="verifyPage" time="0.186"/>
  <testcase classname="com.qa.orangehrm.tests.CreateUserAdminTest" name="loginToApplication" time="3.134"/>
  <testcase classname="com.qa.orangehrm.tests.CreateUserAdminTest" name="createUserFromAdminApplication" time="4.375"/>
</testsuite> <!-- com.qa.orangehrm.tests.CreateUserAdminTest -->
