<?xml version="1.0" encoding="UTF-8"?>
<!-- Generated by org.testng.reporters.JUnitReportReporter -->
<testsuite hostname="Amits-MacBook-Air.local" failures="0" tests="2" name="com.qa.orangehrm.tests.LoginScenarios" time="5.125" errors="0" timestamp="17 Feb 2020 01:44:51 GMT" skipped="0">
  <testcase classname="com.qa.orangehrm.tests.LoginScenarios" name="verifyPage" time="0.132"/>
  <testcase classname="com.qa.orangehrm.tests.LoginScenarios" name="loginToApplication" time="4.993"/>
</testsuite> <!-- com.qa.orangehrm.tests.LoginScenarios -->
